<?xml version="1.0" encoding="UTF-8"?>
<!-- Generated by org.testng.reporters.JUnitReportReporter -->
<testsuite hostname="AV" failures="0" tests="3" name="mytests.TestNGFeatures" time="0.011" errors="0" timestamp="2024-09-11T16:18:55 EDT" skipped="0">
  <testcase classname="mytests.TestNGFeatures" name="searchTest" time="0.003"/>
  <system-out/>
  <testcase classname="mytests.TestNGFeatures" name="paymentTest" time="0.003"/>
  <system-out/>
  <testcase classname="mytests.TestNGFeatures" name="cartTest" time="0.005"/>
  <system-out/>
</testsuite> <!-- mytests.TestNGFeatures -->
